<?xml version="1.0" encoding="UTF-8"?>
<!-- Generated by org.testng.reporters.JUnitReportReporter -->
<testsuite hostname="LAPTOP-34JQ347O" failures="0" tests="1" name="com.axisrooms.KnightsTemplar.test.ChainSummaryTest" time="16.834" errors="0" timestamp="2024-02-11T13:34:52 IST" skipped="0">
  <testcase classname="com.axisrooms.KnightsTemplar.test.ChainSummaryTest" name="chainSummaryTest" time="16.834"/>
  <system-out/>
</testsuite> <!-- com.axisrooms.KnightsTemplar.test.ChainSummaryTest -->
