<?xml version="1.0" encoding="UTF-8"?>
<!-- Generated by org.testng.reporters.JUnitReportReporter -->
<testsuite hostname="LAPTOP-34JQ347O" failures="0" tests="1" name="com.axisrooms.KnightsTemplar.report.BudgetTest" time="18.608" errors="0" timestamp="2024-03-04T14:41:12 IST" skipped="0">
  <testcase classname="com.axisrooms.KnightsTemplar.report.BudgetTest" name="budgetTest" time="18.608"/>
  <system-out/>
</testsuite> <!-- com.axisrooms.KnightsTemplar.report.BudgetTest -->
