<?xml version="1.0" encoding="UTF-8"?>
<!-- Generated by org.testng.reporters.JUnitReportReporter -->
<testsuite hostname="LAPTOP-34JQ347O" failures="0" tests="1" name="com.axisrooms.KnightsTemplar.pricing.PromotionRuleTest" time="20.988" errors="0" timestamp="2024-02-18T10:24:59 IST" skipped="0">
  <testcase classname="com.axisrooms.KnightsTemplar.pricing.PromotionRuleTest" name="createPromotionRule" time="20.988"/>
  <system-out/>
</testsuite> <!-- com.axisrooms.KnightsTemplar.pricing.PromotionRuleTest -->
