<?xml version="1.0" encoding="UTF-8"?>
<!-- Generated by org.testng.reporters.JUnitReportReporter -->
<testsuite hostname="LAPTOP-34JQ347O" failures="0" tests="1" name="com.axisrooms.KnightsTemplar.test.TeamSummaryTest" time="37.269" errors="0" timestamp="2024-02-11T13:33:17 IST" skipped="0">
  <testcase classname="com.axisrooms.KnightsTemplar.test.TeamSummaryTest" name="teamTrackerTest" time="37.269"/>
  <system-out/>
</testsuite> <!-- com.axisrooms.KnightsTemplar.test.TeamSummaryTest -->
