<?xml version="1.0" encoding="UTF-8"?>
<!-- Generated by org.testng.reporters.JUnitReportReporter -->
<testsuite hostname="LAPTOP-34JQ347O" failures="0" tests="1" name="com.axisrooms.KnightsTemplar.test.LoginPageTest" time="16.908" errors="0" timestamp="2024-02-11T13:08:18 IST" skipped="0">
  <testcase classname="com.axisrooms.KnightsTemplar.test.LoginPageTest" name="loginPageTest" time="16.908"/>
  <system-out/>
</testsuite> <!-- com.axisrooms.KnightsTemplar.test.LoginPageTest -->
