<?xml version="1.0" encoding="UTF-8"?>
<!-- Generated by org.testng.reporters.JUnitReportReporter -->
<testsuite hostname="LAPTOP-34JQ347O" failures="0" tests="1" name="com.axisrooms.KnightsTemplar.report.OptimizerTest" time="26.354" errors="0" timestamp="2024-03-06T15:32:28 IST" skipped="0">
  <testcase classname="com.axisrooms.KnightsTemplar.report.OptimizerTest" name="optimizerTest" time="26.354"/>
  <system-out/>
</testsuite> <!-- com.axisrooms.KnightsTemplar.report.OptimizerTest -->
